#
# There is insufficient memory for the Java Runtime Environment to continue.
# Native memory allocation (malloc) failed to allocate 32744 bytes for ChunkPool::allocate
# Possible reasons:
#   The system is out of physical RAM or swap space
#   In 32 bit mode, the process size limit was hit
# Possible solutions:
#   Reduce memory load on the system
#   Increase physical memory or swap space
#   Check if swap backing store is full
#   Use 64 bit Java on a 64 bit OS
#   Decrease Java heap size (-Xmx/-Xms)
#   Decrease number of Java threads
#   Decrease Java thread stack sizes (-Xss)
#   Set larger code cache with -XX:ReservedCodeCacheSize=
# This output file may be truncated or incomplete.
#
#  Out of Memory Error (allocation.cpp:273), pid=5612, tid=0x0000000000001720
#
# JRE version: Java(TM) SE Runtime Environment (8.0_92-b14) (build 1.8.0_92-b14)
# Java VM: Java HotSpot(TM) 64-Bit Server VM (25.92-b14 mixed mode windows-amd64 compressed oops)
# Failed to write core dump. Minidumps are not enabled by default on client versions of Windows
#

---------------  T H R E A D  ---------------

Current thread (0x000000001456a000):  JavaThread "C2 CompilerThread0" daemon [_thread_in_native, id=5920, stack(0x0000000015ac0000,0x0000000015bc0000)]

Stack: [0x0000000015ac0000,0x0000000015bc0000]
[error occurred during error reporting (printing stack bounds), id 0xc0000005]

Native frames: (J=compiled Java code, j=interpreted, Vv=VM code, C=native code)


Current CompileTask:
C2:  66498 4950       4       java.lang.ClassLoader::defineClass (43 bytes)


---------------  P R O C E S S  ---------------

Java Threads: ( => current thread )
  0x00000000145b2000 JavaThread "Service Thread" daemon [_thread_blocked, id=11796, stack(0x0000000015dc0000,0x0000000015ec0000)]
  0x0000000014561000 JavaThread "C1 CompilerThread2" daemon [_thread_blocked, id=6868, stack(0x0000000015cc0000,0x0000000015dc0000)]
  0x000000001455a000 JavaThread "C2 CompilerThread1" daemon [_thread_in_native, id=8480, stack(0x0000000015bc0000,0x0000000015cc0000)]
=>0x000000001456a000 JavaThread "C2 CompilerThread0" daemon [_thread_in_native, id=5920, stack(0x0000000015ac0000,0x0000000015bc0000)]
  0x0000000014567000 JavaThread "Attach Listener" daemon [_thread_blocked, id=10680, stack(0x00000000159c0000,0x0000000015ac0000)]
  0x0000000014566000 JavaThread "Signal Dispatcher" daemon [_thread_blocked, id=12668, stack(0x00000000158c0000,0x00000000159c0000)]
  0x000000001454a000 JavaThread "Finalizer" daemon [_thread_blocked, id=5320, stack(0x00000000157c0000,0x00000000158c0000)]
  0x0000000014529000 JavaThread "Reference Handler" daemon [_thread_blocked, id=10220, stack(0x00000000156c0000,0x00000000157c0000)]
  0x00000000026ee000 JavaThread "main" [_thread_in_native, id=2804, stack(0x00000000024f0000,0x00000000025f0000)]

Other Threads:
  0x0000000014527000 VMThread [stack: 0x00000000155c0000,0x00000000156c0000] [id=11496]
  0x0000000015efa800 WatcherThread [stack: 0x00000000162c0000,0x00000000163c0000] [id=8688]

VM state:not at safepoint (normal execution)

VM Mutex/Monitor currently owned by a thread: None

Heap:
 PSYoungGen      total 39424K, used 25989K [0x00000000f0000000, 0x00000000f3d00000, 0x0000000100000000)
  eden space 37376K, 64% used [0x00000000f0000000,0x00000000f1769730,0x00000000f2480000)
  from space 2048K, 98% used [0x00000000f2f80000,0x00000000f3178050,0x00000000f3180000)
  to   space 11264K, 0% used [0x00000000f2480000,0x00000000f2480000,0x00000000f2f80000)
 ParOldGen       total 60416K, used 15862K [0x00000000d0000000, 0x00000000d3b00000, 0x00000000f0000000)
  object space 60416K, 26% used [0x00000000d0000000,0x00000000d0f7db08,0x00000000d3b00000)
 Metaspace       used 42369K, capacity 42694K, committed 43008K, reserved 1083392K
  class space    used 7969K, capacity 8067K, committed 8192K, reserved 1048576K

Card table byte_map: [0x0000000011bb0000,0x0000000011d40000] byte_map_base: 0x0000000011530000

Marking Bits: (ParMarkBitMap*) 0x000000005b7064f0
 Begin Bits: [0x0000000012240000, 0x0000000012e40000)
 End Bits:   [0x0000000012e40000, 0x0000000013a40000)

Polling page: 0x0000000000910000

CodeCache: size=245760Kb used=11810Kb max_used=11825Kb free=233950Kb
 bounds [0x00000000027f0000, 0x0000000003390000, 0x00000000117f0000]
 total_blobs=4984 nmethods=4543 adapters=351
 compilation: enabled

Compilation events (10 events):
Event: 66.395 Thread 0x0000000014561000 4945       3       sbt.Scoped$$anon$1::<init> (15 bytes)
Event: 66.396 Thread 0x0000000014561000 nmethod 4945 0x000000000337a8d0 code [0x000000000337aaa0, 0x000000000337b290]
Event: 66.396 Thread 0x0000000014561000 4946       3       sbt.SettingKey::in (30 bytes)
Event: 66.397 Thread 0x0000000014561000 nmethod 4946 0x0000000003381790 code [0x00000000033819e0, 0x0000000003382908]
Event: 66.434 Thread 0x000000001456a000 4947       4       sbt.Scope$$anonfun$replaceThis$1::apply (9 bytes)
Event: 66.435 Thread 0x000000001455a000 4948       4       java.security.SecureClassLoader::defineClass (16 bytes)
Event: 66.439 Thread 0x000000001456a000 nmethod 4947 0x0000000003386310 code [0x0000000003386480, 0x00000000033867f8]
Event: 66.439 Thread 0x000000001456a000 4949   !   4       java.security.SecureClassLoader::getProtectionDomain (114 bytes)
Event: 66.465 Thread 0x000000001456a000 nmethod 4949 0x00000000033895d0 code [0x00000000033897c0, 0x000000000338a9b0]
Event: 66.465 Thread 0x000000001456a000 4950       4       java.lang.ClassLoader::defineClass (43 bytes)

GC Heap History (10 events):
Event: 50.185 GC heap before
{Heap before GC invocations=10 (full 2):
 PSYoungGen      total 37888K, used 31744K [0x00000000f0000000, 0x00000000f2e00000, 0x0000000100000000)
  eden space 31744K, 100% used [0x00000000f0000000,0x00000000f1f00000,0x00000000f1f00000)
  from space 6144K, 0% used [0x00000000f1f80000,0x00000000f1f80000,0x00000000f2580000)
  to   space 7680K, 0% used [0x00000000f2680000,0x00000000f2680000,0x00000000f2e00000)
 ParOldGen       total 60416K, used 8828K [0x00000000d0000000, 0x00000000d3b00000, 0x00000000f0000000)
  object space 60416K, 14% used [0x00000000d0000000,0x00000000d089f288,0x00000000d3b00000)
 Metaspace       used 36415K, capacity 36674K, committed 36904K, reserved 1079296K
  class space    used 6623K, capacity 6700K, committed 6784K, reserved 1048576K
Event: 50.188 GC heap after
Heap after GC invocations=10 (full 2):
 PSYoungGen      total 38912K, used 1536K [0x00000000f0000000, 0x00000000f3e80000, 0x0000000100000000)
  eden space 31232K, 0% used [0x00000000f0000000,0x00000000f0000000,0x00000000f1e80000)
  from space 7680K, 20% used [0x00000000f2680000,0x00000000f2800000,0x00000000f2e00000)
  to   space 8192K, 0% used [0x00000000f1e80000,0x00000000f1e80000,0x00000000f2680000)
 ParOldGen       total 60416K, used 8836K [0x00000000d0000000, 0x00000000d3b00000, 0x00000000f0000000)
  object space 60416K, 14% used [0x00000000d0000000,0x00000000d08a1288,0x00000000d3b00000)
 Metaspace       used 36415K, capacity 36674K, committed 36904K, reserved 1079296K
  class space    used 6623K, capacity 6700K, committed 6784K, reserved 1048576K
}
Event: 52.192 GC heap before
{Heap before GC invocations=11 (full 2):
 PSYoungGen      total 38912K, used 32768K [0x00000000f0000000, 0x00000000f3e80000, 0x0000000100000000)
  eden space 31232K, 100% used [0x00000000f0000000,0x00000000f1e80000,0x00000000f1e80000)
  from space 7680K, 20% used [0x00000000f2680000,0x00000000f2800000,0x00000000f2e00000)
  to   space 8192K, 0% used [0x00000000f1e80000,0x00000000f1e80000,0x00000000f2680000)
 ParOldGen       total 60416K, used 8836K [0x00000000d0000000, 0x00000000d3b00000, 0x00000000f0000000)
  object space 60416K, 14% used [0x00000000d0000000,0x00000000d08a1288,0x00000000d3b00000)
 Metaspace       used 38162K, capacity 38434K, committed 38656K, reserved 1081344K
  class space    used 7061K, capacity 7116K, committed 7168K, reserved 1048576K
Event: 52.201 GC heap after
Heap after GC invocations=11 (full 2):
 PSYoungGen      total 39424K, used 2524K [0x00000000f0000000, 0x00000000f3880000, 0x0000000100000000)
  eden space 31232K, 0% used [0x00000000f0000000,0x00000000f0000000,0x00000000f1e80000)
  from space 8192K, 30% used [0x00000000f1e80000,0x00000000f20f7368,0x00000000f2680000)
  to   space 8704K, 0% used [0x00000000f3000000,0x00000000f3000000,0x00000000f3880000)
 ParOldGen       total 60416K, used 8844K [0x00000000d0000000, 0x00000000d3b00000, 0x00000000f0000000)
  object space 60416K, 14% used [0x00000000d0000000,0x00000000d08a3288,0x00000000d3b00000)
 Metaspace       used 38162K, capacity 38434K, committed 38656K, reserved 1081344K
  class space    used 7061K, capacity 7116K, committed 7168K, reserved 1048576K
}
Event: 61.169 GC heap before
{Heap before GC invocations=12 (full 2):
 PSYoungGen      total 39424K, used 33391K [0x00000000f0000000, 0x00000000f3880000, 0x0000000100000000)
  eden space 31232K, 98% used [0x00000000f0000000,0x00000000f1e24b90,0x00000000f1e80000)
  from space 8192K, 30% used [0x00000000f1e80000,0x00000000f20f7368,0x00000000f2680000)
  to   space 8704K, 0% used [0x00000000f3000000,0x00000000f3000000,0x00000000f3880000)
 ParOldGen       total 60416K, used 8844K [0x00000000d0000000, 0x00000000d3b00000, 0x00000000f0000000)
  object space 60416K, 14% used [0x00000000d0000000,0x00000000d08a3288,0x00000000d3b00000)
 Metaspace       used 38780K, capacity 39074K, committed 39296K, reserved 1081344K
  class space    used 7182K, capacity 7244K, committed 7296K, reserved 1048576K
Event: 61.181 GC heap after
Heap after GC invocations=12 (full 2):
 PSYoungGen      total 39424K, used 8459K [0x00000000f0000000, 0x00000000f3880000, 0x0000000100000000)
  eden space 30720K, 0% used [0x00000000f0000000,0x00000000f0000000,0x00000000f1e00000)
  from space 8704K, 97% used [0x00000000f3000000,0x00000000f3842e60,0x00000000f3880000)
  to   space 9216K, 0% used [0x00000000f2680000,0x00000000f2680000,0x00000000f2f80000)
 ParOldGen       total 60416K, used 8844K [0x00000000d0000000, 0x00000000d3b00000, 0x00000000f0000000)
  object space 60416K, 14% used [0x00000000d0000000,0x00000000d08a3288,0x00000000d3b00000)
 Metaspace       used 38780K, capacity 39074K, committed 39296K, reserved 1081344K
  class space    used 7182K, capacity 7244K, committed 7296K, reserved 1048576K
}
Event: 64.951 GC heap before
{Heap before GC invocations=13 (full 2):
 PSYoungGen      total 39424K, used 39179K [0x00000000f0000000, 0x00000000f3880000, 0x0000000100000000)
  eden space 30720K, 100% used [0x00000000f0000000,0x00000000f1e00000,0x00000000f1e00000)
  from space 8704K, 97% used [0x00000000f3000000,0x00000000f3842e60,0x00000000f3880000)
  to   space 9216K, 0% used [0x00000000f2680000,0x00000000f2680000,0x00000000f2f80000)
 ParOldGen       total 60416K, used 8844K [0x00000000d0000000, 0x00000000d3b00000, 0x00000000f0000000)
  object space 60416K, 14% used [0x00000000d0000000,0x00000000d08a3288,0x00000000d3b00000)
 Metaspace       used 41236K, capacity 41678K, committed 41984K, reserved 1083392K
  class space    used 7741K, capacity 7860K, committed 7936K, reserved 1048576K
Event: 64.971 GC heap after
Heap after GC invocations=13 (full 2):
 PSYoungGen      total 39424K, used 9207K [0x00000000f0000000, 0x00000000f3180000, 0x0000000100000000)
  eden space 30208K, 0% used [0x00000000f0000000,0x00000000f0000000,0x00000000f1d80000)
  from space 9216K, 99% used [0x00000000f2680000,0x00000000f2f7dd10,0x00000000f2f80000)
  to   space 2048K, 0% used [0x00000000f2f80000,0x00000000f2f80000,0x00000000f3180000)
 ParOldGen       total 60416K, used 8961K [0x00000000d0000000, 0x00000000d3b00000, 0x00000000f0000000)
  object space 60416K, 14% used [0x00000000d0000000,0x00000000d08c0568,0x00000000d3b00000)
 Metaspace       used 41236K, capacity 41678K, committed 41984K, reserved 1083392K
  class space    used 7741K, capacity 7860K, committed 7936K, reserved 1048576K
}
Event: 65.835 GC heap before
{Heap before GC invocations=14 (full 2):
 PSYoungGen      total 39424K, used 39415K [0x00000000f0000000, 0x00000000f3180000, 0x0000000100000000)
  eden space 30208K, 100% used [0x00000000f0000000,0x00000000f1d80000,0x00000000f1d80000)
  from space 9216K, 99% used [0x00000000f2680000,0x00000000f2f7dd10,0x00000000f2f80000)
  to   space 2048K, 0% used [0x00000000f2f80000,0x00000000f2f80000,0x00000000f3180000)
 ParOldGen       total 60416K, used 8961K [0x00000000d0000000, 0x00000000d3b00000, 0x00000000f0000000)
  object space 60416K, 14% used [0x00000000d0000000,0x00000000d08c0568,0x00000000d3b00000)
 Metaspace       used 41657K, capacity 42030K, committed 42240K, reserved 1083392K
  class space    used 7778K, capacity 7892K, committed 7936K, reserved 1048576K
Event: 65.846 GC heap after
Heap after GC invocations=14 (full 2):
 PSYoungGen      total 39424K, used 2016K [0x00000000f0000000, 0x00000000f3d00000, 0x0000000100000000)
  eden space 37376K, 0% used [0x00000000f0000000,0x00000000f0000000,0x00000000f2480000)
  from space 2048K, 98% used [0x00000000f2f80000,0x00000000f3178050,0x00000000f3180000)
  to   space 11264K, 0% used [0x00000000f2480000,0x00000000f2480000,0x00000000f2f80000)
 ParOldGen       total 60416K, used 15862K [0x00000000d0000000, 0x00000000d3b00000, 0x00000000f0000000)
  object space 60416K, 26% used [0x00000000d0000000,0x00000000d0f7db08,0x00000000d3b00000)
 Metaspace       used 41657K, capacity 42030K, committed 42240K, reserved 1083392K
  class space    used 7778K, capacity 7892K, committed 7936K, reserved 1048576K
}

Deoptimization events (10 events):
Event: 65.992 Thread 0x00000000026ee000 Uncommon trap: reason=bimorphic action=maybe_recompile pc=0x0000000002f5edc4 method=scala.reflect.internal.Names$class.newTermName(Lscala/reflect/internal/Names;[CIILjava/lang/String;)Lscala/reflect/internal/Names$TermName; @ 14
Event: 65.992 Thread 0x00000000026ee000 Uncommon trap: reason=bimorphic action=maybe_recompile pc=0x0000000002f5edc4 method=scala.reflect.internal.Names$class.newTermName(Lscala/reflect/internal/Names;[CIILjava/lang/String;)Lscala/reflect/internal/Names$TermName; @ 14
Event: 65.993 Thread 0x00000000026ee000 Uncommon trap: reason=predicate action=maybe_recompile pc=0x0000000002dce1a0 method=scala.reflect.internal.Names$class.equals(Lscala/reflect/internal/Names;I[CII)Z @ 10
Event: 66.213 Thread 0x00000000026ee000 Uncommon trap: reason=unstable_if action=reinterpret pc=0x0000000002a1dddc method=java.util.concurrent.ConcurrentHashMap.putVal(Ljava/lang/Object;Ljava/lang/Object;Z)Ljava/lang/Object; @ 181
Event: 66.234 Thread 0x00000000026ee000 Uncommon trap: reason=predicate action=maybe_recompile pc=0x0000000002a05eec method=scala.collection.IndexedSeqOptimized$class.foldl(Lscala/collection/IndexedSeqOptimized;IILjava/lang/Object;Lscala/Function2;)Ljava/lang/Object; @ 7
Event: 66.253 Thread 0x00000000026ee000 Uncommon trap: reason=unstable_if action=reinterpret pc=0x0000000002fefe98 method=java.net.URI.needsNormalization(Ljava/lang/String;)I @ 62
Event: 66.299 Thread 0x00000000026ee000 Uncommon trap: reason=bimorphic action=maybe_recompile pc=0x0000000002c7cf68 method=scala.collection.immutable.HashSet$HashSet1.updated0(Ljava/lang/Object;II)Lscala/collection/immutable/HashSet; @ 73
Event: 66.299 Thread 0x00000000026ee000 Uncommon trap: reason=bimorphic action=maybe_recompile pc=0x0000000002c7cf68 method=scala.collection.immutable.HashSet$HashSet1.updated0(Ljava/lang/Object;II)Lscala/collection/immutable/HashSet; @ 73
Event: 66.299 Thread 0x00000000026ee000 Uncommon trap: reason=bimorphic action=maybe_recompile pc=0x0000000002c7cf68 method=scala.collection.immutable.HashSet$HashSet1.updated0(Ljava/lang/Object;II)Lscala/collection/immutable/HashSet; @ 73
Event: 66.299 Thread 0x00000000026ee000 Uncommon trap: reason=bimorphic action=maybe_recompile pc=0x0000000002c7cf68 method=scala.collection.immutable.HashSet$HashSet1.updated0(Ljava/lang/Object;II)Lscala/collection/immutable/HashSet; @ 73

Internal exceptions (10 events):
Event: 42.916 Thread 0x00000000026ee000 Exception <a 'java/lang/ArrayIndexOutOfBoundsException'> (0x00000000f01a7a68) thrown at [D:\re\workspace\8-2-build-windows-amd64-cygwin\jdk8u92\6642\hotspot\src\share\vm\runtime\sharedRuntime.cpp, line 605]
Event: 44.945 Thread 0x00000000026ee000 Exception <a 'java/lang/ArrayIndexOutOfBoundsException'> (0x00000000f000fd30) thrown at [D:\re\workspace\8-2-build-windows-amd64-cygwin\jdk8u92\6642\hotspot\src\share\vm\runtime\sharedRuntime.cpp, line 605]
Event: 45.000 Thread 0x00000000026ee000 Exception <a 'java/lang/ArrayIndexOutOfBoundsException'> (0x00000000f01453e0) thrown at [D:\re\workspace\8-2-build-windows-amd64-cygwin\jdk8u92\6642\hotspot\src\share\vm\runtime\sharedRuntime.cpp, line 605]
Event: 45.009 Thread 0x00000000026ee000 Exception <a 'java/lang/ArrayIndexOutOfBoundsException'> (0x00000000f017b3e0) thrown at [D:\re\workspace\8-2-build-windows-amd64-cygwin\jdk8u92\6642\hotspot\src\share\vm\runtime\sharedRuntime.cpp, line 605]
Event: 47.937 Thread 0x00000000026ee000 Exception <a 'java/lang/ClassNotFoundException': java/net> (0x00000000f0bc3e20) thrown at [D:\re\workspace\8-2-build-windows-amd64-cygwin\jdk8u92\6642\hotspot\src\share\vm\classfile\systemDictionary.cpp, line 210]
Event: 47.937 Thread 0x00000000026ee000 Exception <a 'java/lang/ClassNotFoundException': java/net/package> (0x00000000f0bc4dd8) thrown at [D:\re\workspace\8-2-build-windows-amd64-cygwin\jdk8u92\6642\hotspot\src\share\vm\classfile\systemDictionary.cpp, line 210]
Event: 61.519 Thread 0x000000001b257800 Exception <a 'java/io/FileNotFoundException'> (0x00000000f073cf98) thrown at [D:\re\workspace\8-2-build-windows-amd64-cygwin\jdk8u92\6642\hotspot\src\share\vm\prims\jni.cpp, line 709]
Event: 65.336 Thread 0x00000000026ee000 Exception <a 'java/security/PrivilegedActionException'> (0x00000000f0257d90) thrown at [D:\re\workspace\8-2-build-windows-amd64-cygwin\jdk8u92\6642\hotspot\src\share\vm\prims\jvm.cpp, line 1386]
Event: 65.336 Thread 0x00000000026ee000 Exception <a 'java/security/PrivilegedActionException'> (0x00000000f0258558) thrown at [D:\re\workspace\8-2-build-windows-amd64-cygwin\jdk8u92\6642\hotspot\src\share\vm\prims\jvm.cpp, line 1386]
Event: 65.798 Thread 0x00000000026ee000 Exception <a 'java/lang/ArrayIndexOutOfBoundsException': 22> (0x00000000f1bc68b8) thrown at [D:\re\workspace\8-2-build-windows-amd64-cygwin\jdk8u92\6642\hotspot\src\share\vm\interpreter\interpreterRuntime.cpp, line 366]

Events (10 events):
Event: 66.476 loading class play/sbt/routes/RoutesCompiler$$anonfun$defaultSettings$3
Event: 66.476 loading class play/sbt/routes/RoutesCompiler$$anonfun$defaultSettings$3 done
Event: 66.478 loading class play/sbt/routes/RoutesCompiler$$anonfun$defaultSettings$4
Event: 66.478 loading class play/sbt/routes/RoutesCompiler$$anonfun$defaultSettings$4 done
Event: 66.480 loading class play/sbt/routes/RoutesCompiler$$anonfun$defaultSettings$1
Event: 66.480 loading class play/sbt/routes/RoutesCompiler$$anonfun$defaultSettings$1 done
Event: 66.482 loading class play/sbt/routes/RoutesCompiler$$anonfun$defaultSettings$5
Event: 66.482 loading class play/sbt/routes/RoutesCompiler$$anonfun$defaultSettings$5 done
Event: 66.482 loading class play/sbt/routes/RoutesCompiler$$anonfun$defaultSettings$6
Event: 66.482 loading class play/sbt/routes/RoutesCompiler$$anonfun$defaultSettings$6 done


Dynamic libraries:
0x00007ff7c1ff0000 - 0x00007ff7c2027000 	C:\Program Files\Java\jdk1.8.0_92\bin\java.exe
0x00007ffe257b0000 - 0x00007ffe25972000 	C:\WINDOWS\SYSTEM32\ntdll.dll
0x00007ffe21b60000 - 0x00007ffe21c0d000 	C:\WINDOWS\system32\KERNEL32.DLL
0x00007ffe10e70000 - 0x00007ffe10ea3000 	C:\Program Files (x86)\AVG\Av\avghooka.dll
0x00007ffe217b0000 - 0x00007ffe2198d000 	C:\WINDOWS\system32\KERNELBASE.dll
0x00007ffe24310000 - 0x00007ffe243b6000 	C:\WINDOWS\system32\ADVAPI32.dll
0x00007ffe23b60000 - 0x00007ffe23bfd000 	C:\WINDOWS\system32\msvcrt.dll
0x00007ffe21b00000 - 0x00007ffe21b5b000 	C:\WINDOWS\system32\sechost.dll
0x00007ffe23ce0000 - 0x00007ffe23e06000 	C:\WINDOWS\system32\RPCRT4.dll
0x00007ffe24160000 - 0x00007ffe242ae000 	C:\WINDOWS\system32\USER32.dll
0x00007ffe23fd0000 - 0x00007ffe24156000 	C:\WINDOWS\system32\GDI32.dll
0x00007ffe1dc00000 - 0x00007ffe1de74000 	C:\WINDOWS\WinSxS\amd64_microsoft.windows.common-controls_6595b64144ccf1df_6.0.10240.16384_none_f41f7b285750ef43\COMCTL32.dll
0x00007ffe21e90000 - 0x00007ffe21ec6000 	C:\WINDOWS\system32\IMM32.DLL
0x00007ffe23680000 - 0x00007ffe237dc000 	C:\WINDOWS\system32\MSCTF.dll
0x00007ffe20d50000 - 0x00007ffe20d81000 	C:\WINDOWS\system32\nvinitx.dll
0x00007ffe20d40000 - 0x00007ffe20d4a000 	C:\WINDOWS\SYSTEM32\VERSION.dll
0x000000005d6c0000 - 0x000000005d6c6000 	C:\Program Files\NVIDIA Corporation\CoProcManager\_etoured.dll
0x00007ffe1f530000 - 0x00007ffe1f563000 	C:\Program Files\NVIDIA Corporation\CoProcManager\nvd3d9wrapx.dll
0x00007ffe237e0000 - 0x00007ffe239a5000 	C:\WINDOWS\system32\SETUPAPI.dll
0x00007ffe20f00000 - 0x00007ffe20f44000 	C:\WINDOWS\system32\CFGMGR32.dll
0x00007ffe1f500000 - 0x00007ffe1f522000 	C:\Program Files\NVIDIA Corporation\CoProcManager\nvdxgiwrapx.dll
0x000000005b790000 - 0x000000005b862000 	C:\Program Files\Java\jdk1.8.0_92\jre\bin\msvcr100.dll
0x000000005aef0000 - 0x000000005b786000 	C:\Program Files\Java\jdk1.8.0_92\jre\bin\server\jvm.dll
0x00007ffe23440000 - 0x00007ffe23448000 	C:\WINDOWS\system32\PSAPI.DLL
0x00007ffe1ea70000 - 0x00007ffe1ea79000 	C:\WINDOWS\SYSTEM32\WSOCK32.dll
0x00007ffe234c0000 - 0x00007ffe23529000 	C:\WINDOWS\system32\WS2_32.dll
0x00007ffe23e70000 - 0x00007ffe23e78000 	C:\WINDOWS\system32\NSI.dll
0x00007ffe1f4a0000 - 0x00007ffe1f4c3000 	C:\WINDOWS\SYSTEM32\WINMM.dll
0x00007ffe1f440000 - 0x00007ffe1f46c000 	C:\WINDOWS\SYSTEM32\WINMMBASE.dll
0x00007ffe1f780000 - 0x00007ffe1f7a7000 	C:\WINDOWS\SYSTEM32\DEVOBJ.dll
0x000000005aee0000 - 0x000000005aeef000 	C:\Program Files\Java\jdk1.8.0_92\jre\bin\verify.dll
0x000000005aeb0000 - 0x000000005aed9000 	C:\Program Files\Java\jdk1.8.0_92\jre\bin\java.dll
0x000000005ae90000 - 0x000000005aea6000 	C:\Program Files\Java\jdk1.8.0_92\jre\bin\zip.dll
0x00007ffe21ed0000 - 0x00007ffe23438000 	C:\WINDOWS\system32\SHELL32.dll
0x00007ffe20f50000 - 0x00007ffe21578000 	C:\WINDOWS\system32\windows.storage.dll
0x00007ffe21c10000 - 0x00007ffe21e8c000 	C:\WINDOWS\system32\combase.dll
0x00007ffe242b0000 - 0x00007ffe24301000 	C:\WINDOWS\system32\shlwapi.dll
0x00007ffe20e80000 - 0x00007ffe20e8f000 	C:\WINDOWS\system32\kernel.appcore.dll
0x00007ffe21990000 - 0x00007ffe21a43000 	C:\WINDOWS\system32\shcore.dll
0x00007ffe20e90000 - 0x00007ffe20eda000 	C:\WINDOWS\system32\powrprof.dll
0x00007ffe20e60000 - 0x00007ffe20e73000 	C:\WINDOWS\system32\profapi.dll
0x00007ffe23c00000 - 0x00007ffe23cbe000 	C:\WINDOWS\system32\OLEAUT32.dll
0x000000005ae70000 - 0x000000005ae8a000 	C:\Program Files\Java\jdk1.8.0_92\jre\bin\net.dll
0x00007ffe20620000 - 0x00007ffe2067d000 	C:\WINDOWS\system32\mswsock.dll
0x000000005ae50000 - 0x000000005ae61000 	C:\Program Files\Java\jdk1.8.0_92\jre\bin\nio.dll
0x00007ffe20680000 - 0x00007ffe20697000 	C:\WINDOWS\SYSTEM32\CRYPTSP.dll
0x00007ffe20d90000 - 0x00007ffe20db8000 	C:\WINDOWS\SYSTEM32\bcrypt.dll
0x00007ffe202d0000 - 0x00007ffe20303000 	C:\WINDOWS\system32\rsaenh.dll
0x00007ffe203c0000 - 0x00007ffe203df000 	C:\WINDOWS\SYSTEM32\USERENV.dll
0x00007ffe20c30000 - 0x00007ffe20c9b000 	C:\WINDOWS\system32\bcryptprimitives.dll
0x00007ffe207f0000 - 0x00007ffe207fb000 	C:\WINDOWS\SYSTEM32\CRYPTBASE.dll
0x00007ffe1f400000 - 0x00007ffe1f438000 	C:\WINDOWS\SYSTEM32\IPHLPAPI.DLL
0x00007ffe1f3f0000 - 0x00007ffe1f3fb000 	C:\WINDOWS\SYSTEM32\WINNSI.DLL
0x00007ffe1cab0000 - 0x00007ffe1cac6000 	C:\WINDOWS\SYSTEM32\dhcpcsvc6.DLL
0x00007ffe1cc00000 - 0x00007ffe1cc1a000 	C:\WINDOWS\SYSTEM32\dhcpcsvc.DLL
0x00007ffe1cf00000 - 0x00007ffe1cf0a000 	C:\Users\USER\AppData\Local\Temp\jansi-64-1-3482709389589516535.11

VM Arguments:
jvm_args: -Djline.terminal=jline.UnsupportedTerminal -Dsbt.log.noformat=true -Dfile.encoding=UTF-8 -Xmx768M -XX:MaxPermSize=384M 
java_command: C:/Users/USER/.IntelliJIdea2016.1/config/plugins/Scala/launcher/sbt-launch.jar
java_class_path (initial): C:/Users/USER/.IntelliJIdea2016.1/config/plugins/Scala/launcher/sbt-launch.jar
Launcher Type: SUN_STANDARD

Environment Variables:
PATH=C:\Python27\;C:\Python27\Scripts;C:\ProgramData\Oracle\Java\javapath;C:\WINDOWS\system32;C:\WINDOWS;C:\WINDOWS\System32\Wbem;C:\WINDOWS\System32\WindowsPowerShell\v1.0\;C:\Program Files (x86)\NVIDIA Corporation\PhysX\Common;C:\xampp\php;C:\ProgramData\ComposerSetup\bin;C:\Users\USER\AppData\Roaming\Composer\vendor\bin;C:\Program Files\TortoiseGit\bin
USERNAME=USER
OS=Windows_NT
PROCESSOR_IDENTIFIER=Intel64 Family 6 Model 58 Stepping 9, GenuineIntel



---------------  S Y S T E M  ---------------

OS: Windows 10.0 , 64 bit Build 10240 (10.0.10240.16384)

CPU:total 4 (2 cores per cpu, 2 threads per core) family 6 model 58 stepping 9, cmov, cx8, fxsr, mmx, sse, sse2, sse3, ssse3, sse4.1, sse4.2, popcnt, avx, aes, clmul, erms, ht, tsc, tscinvbit, tscinv

Memory: 4k page, physical 8269760k(3008496k free), swap 12365760k(3896k free)

vm_info: Java HotSpot(TM) 64-Bit Server VM (25.92-b14) for windows-amd64 JRE (1.8.0_92-b14), built on Mar 31 2016 21:03:04 by "java_re" with MS VC++ 10.0 (VS2010)

time: Thu May 19 14:08:16 2016
elapsed time: 66 seconds (0d 0h 1m 6s)

